{"level":"info","message":{"customCriteria":null,"duration":"5020ms","method":"GET","payloadSize":0,"status":200,"url":"/api/rest/slow"}}

{"level":"info","message":{"customCriteria":null,"duration":"4ms","method":"GET","payloadSize":0,"status":200,"url":"/api/rest/fast"}}
{"level":"info","message":{"contentType":"application/json","customCriteria":null,"duration":"50ms","method":"GET","payloadSize":"21","status":200,"url":"/POST%20/api/rest/payload"}}
{"level":"info","message":{"contentType":"application/json","customCriteria":null,"duration":"3ms","method":"GET","payloadSize":"21","status":404,"url":"/api/rest/payload"}}
{"level":"info","message":{"contentType":"application/json","customCriteria":null,"duration":"4ms","method":"POST","payloadSize":"21","status":200,"url":"/api/rest/payload"}}
{"level":"info","message":{"contentType":"application/json","customCriteria":null,"duration":"1ms","method":"POST","payloadSize":"1789","status":200,"url":"/graphql"}}
{"level":"info","message":{"contentType":"application/json","customCriteria":null,"duration":"1ms","method":"POST","payloadSize":"1789","status":200,"url":"/graphql"}}
{"level":"info","message":{"contentType":"application/json","customCriteria":null,"duration":"1ms","method":"POST","payloadSize":"1789","status":200,"url":"//api/grpc/Fast"}}
{"level":"info","message":{"contentType":"application/json","customCriteria":null,"duration":"2ms","method":"POST","payloadSize":"27","status":200,"url":"/api/grpc/Fast"}}
{"level":"info","message":{"contentType":"application/json","customCriteria":null,"duration":"3ms","method":"POST","payloadSize":"1789","status":200,"url":"/api/grpc/Fast"}}
{"level":"info","message":{"contentType":"application/json","customCriteria":null,"duration":"3ms","method":"POST","payloadSize":"21","status":200,"url":"/api/rest/payload"}}
{"level":"info","message":{"contentType":"application/json","customCriteria":null,"duration":"3ms","method":"POST","payloadSize":"27","status":200,"url":"/api/grpc/Fast"}}
{"level":"info","message":{"contentType":"application/json","customCriteria":null,"duration":"2ms","method":"POST","payloadSize":"27","status":200,"url":"/api/grpc/Fast"}}
{"level":"info","message":{"contentType":"application/json","customCriteria":"tes","duration":"2ms","method":"POST","payloadSize":"1789","status":200,"url":"/api/rest/fast?customCriteria=tes"}}
{"level":"info","message":{"contentType":"application/json","customCriteria":"tes","duration":"2ms","method":"POST","payloadSize":"27","status":200,"url":"/api/rest/fast?customCriteria=tes"}}
{"level":"info","message":{"contentType":"application/json","customCriteria":null,"duration":"2ms","method":"POST","payloadSize":"1789","status":404,"url":"/api/rest/slow"}}
{"level":"info","message":{"contentType":"application/json","customCriteria":null,"duration":"3ms","method":"POST","payloadSize":"1789","status":200,"url":"/api/graph"}}
{"level":"info","message":{"contentType":"application/json","customCriteria":null,"duration":"10ms","method":"POST","payloadSize":"27","status":400,"url":"/api/graphql"}}
{"level":"info","message":{"contentType":"application/json","customCriteria":null,"duration":"24ms","method":"POST","payloadSize":"1789","status":200,"url":"/api/graphql"}}
{"level":"info","message":{"contentType":"application/json","customCriteria":null,"duration":"3ms","method":"POST","payloadSize":"77","status":200,"url":"/api/graphql"}}
{"level":"info","message":{"contentType":"application/json","customCriteria":null,"duration":"17ms","method":"POST","payloadSize":"1789","status":200,"url":"/api/graphql"}}
{"level":"info","message":{"contentType":"application/json","customCriteria":null,"duration":"46ms","method":"POST","payloadSize":"1789","status":200,"url":"/api/graphql"}}
{"level":"info","message":{"customCriteria":null,"duration":"5004ms","method":"GET","payloadSize":0,"status":200,"url":"/api/rest/slow"}}
{"level":"info","message":{"customCriteria":null,"duration":"1ms","method":"GET","payloadSize":0,"status":200,"url":"/api/rest/fast"}}
{"level":"info","message":{"contentType":"application/json","customCriteria":null,"duration":"7ms","method":"POST","payloadSize":"1789","status":200,"url":"/api/graphql"}}
{"level":"info","message":{"customCriteria":null,"duration":"5ms","method":"GET","payloadSize":0,"status":200,"url":"/api/rest/fast"}}
{"level":"info","message":{"customCriteria":null,"duration":"0ms","method":"GET","payloadSize":0,"status":200,"url":"/api/rest/fast"}}
{"level":"info","message":{"customCriteria":null,"duration":"5014ms","method":"GET","payloadSize":0,"status":200,"url":"/api/rest/slow"}}
{"level":"info","message":{"customCriteria":null,"duration":"10ms","method":"GET","payloadSize":0,"status":200,"url":"/api/rest/fast"}}
{"level":"info","message":{"customCriteria":null,"duration":"7ms","method":"GET","payloadSize":0,"status":200,"url":"/api/rest/fast"}}
{"level":"info","message":{"customCriteria":null,"duration":"1ms","method":"GET","payloadSize":0,"status":200,"url":"/api/rest/fast"}}
{"level":"info","message":{"customCriteria":null,"duration":"1ms","method":"GET","payloadSize":0,"status":200,"url":"/api/rest/fast"}}
{"level":"info","message":{"customCriteria":null,"duration":"1ms","method":"GET","payloadSize":0,"status":200,"url":"/api/rest/fast"}}
{"level":"info","message":{"customCriteria":null,"duration":"1ms","method":"GET","payloadSize":0,"status":200,"url":"/api/rest/fast"}}
{"level":"info","message":{"customCriteria":null,"duration":"1ms","method":"GET","payloadSize":0,"status":200,"url":"/api/rest/fast"}}
{"level":"info","message":{"customCriteria":null,"duration":"1ms","method":"GET","payloadSize":0,"status":200,"url":"/api/rest/fast"}}
{"level":"info","message":{"customCriteria":null,"duration":"1ms","method":"GET","payloadSize":0,"status":200,"url":"/api/rest/fast"}}
{"level":"info","message":{"customCriteria":null,"duration":"2ms","method":"GET","payloadSize":0,"status":200,"url":"/api/rest/fast"}}
{"level":"info","message":{"customCriteria":null,"duration":"4ms","method":"GET","payloadSize":0,"status":200,"url":"/api/rest/fast"}}
{"level":"info","message":{"customCriteria":null,"duration":"1ms","method":"GET","payloadSize":0,"status":200,"url":"/api/rest/fast"}}
{"level":"info","message":{"customCriteria":null,"duration":"5014ms","method":"GET","payloadSize":0,"status":200,"url":"/api/rest/slow"}}
{"level":"info","message":{"contentType":"application/json","customCriteria":null,"duration":"33ms","method":"POST","payloadSize":"77","status":200,"url":"/api/graphql"}}
